~~~~~ begin of mmap ~~~~~
^^^^^^^^^^May 21 2020^^^20:21:31^^^^^^^^^^[22036,22036][2020-09-01 +0800 15:55:40]
get mmap time: 2
MARS_URL: 
MARS_PATH: feature/2020-MAY/xlog_zstd
MARS_REVISION: d7787efd
MARS_BUILD_TIME: 2020-05-21 20:21:26
MARS_BUILD_JOB: 
log appender mode:0, use mmap:1
log dir space info, capacity:55426072576 free:4811485184 available:4660490240
[E][2020-09-01 +8.0 15:55:46.184][22036, 2*][TestXLog][, , 0][TESTlOG
[E][2020-09-01 +8.0 15:55:46.696][22036, 2*][TestXLog][, , 0][TESTlOG
[E][2020-09-01 +8.0 15:55:46.957][22036, 2*][TestXLog][, , 0][TESTlOG
[E][2020-09-01 +8.0 15:55:47.165][22036, 2*][TestXLog][, , 0][TESTlOG
[E][2020-09-01 +8.0 15:55:47.332][22036, 2*][TestXLog][, , 0][TESTlOG
[E][2020-09-01 +8.0 15:55:47.500][22036, 2*][TestXLog][, , 0][TESTlOG
[E][2020-09-01 +8.0 15:55:47.639][22036, 2*][TestXLog][, , 0][TESTlOG
[E][2020-09-01 +8.0 15:55:47.835][22036, 2*][TestXLog][, , 0][TESTlOG
[E][2020-09-01 +8.0 15:55:48.250][22036, 2*][TestXLog][, , 0][TESTlOG
[E][2020-09-01 +8.0 15:55:48.444][22036, 2*][TestXLog][, , 0][TESTlOG
~~~~~ end of mmap ~~~~~[24904,24904][2020-09-01 +0800 16:06:27]
^^^^^^^^^^May 21 2020^^^20:21:31^^^^^^^^^^[24904,24904][2020-09-01 +0800 16:06:27]
get mmap time: 3
MARS_URL: 
MARS_PATH: feature/2020-MAY/xlog_zstd
MARS_REVISION: d7787efd
MARS_BUILD_TIME: 2020-05-21 20:21:26
MARS_BUILD_JOB: 
log appender mode:0, use mmap:1
log dir space info, capacity:55426072576 free:4765990912 available:4614995968
[E][2020-09-01 +8.0 16:06:36.603][24904, 2*][TestXLog][, , 0][TESTlOG
[E][2020-09-01 +8.0 16:06:36.779][24904, 2*][TestXLog][, , 0][TESTlOG
[E][2020-09-01 +8.0 16:06:36.939][24904, 2*][TestXLog][, , 0][TESTlOG
[E][2020-09-01 +8.0 16:06:37.088][24904, 2*][TestXLog][, , 0][TESTlOG
[E][2020-09-01 +8.0 16:06:37.247][24904, 2*][TestXLog][, , 0][TESTlOG
[E][2020-09-01 +8.0 16:06:37.410][24904, 2*][TestXLog][, , 0][TESTlOG
[E][2020-09-01 +8.0 16:06:37.566][24904, 2*][TestXLog][, , 0][TESTlOG
[E][2020-09-01 +8.0 16:06:39.449][24904, 2*][TestXLog][, , 0][TESTlOG
[E][2020-09-01 +8.0 16:06:39.607][24904, 2*][TestXLog][, , 0][TESTlOG
[E][2020-09-01 +8.0 16:06:39.757][24904, 2*][TestXLog][, , 0][TESTlOG
[E][2020-09-01 +8.0 16:06:39.907][24904, 2*][TestXLog][, , 0][TESTlOG
[E][2020-09-01 +8.0 16:06:40.053][24904, 2*][TestXLog][, , 0][TESTlOG
[E][2020-09-01 +8.0 16:06:40.202][24904, 2*][TestXLog][, , 0][TESTlOG
[E][2020-09-01 +8.0 16:06:40.332][24904, 2*][TestXLog][, , 0][TESTlOG
[E][2020-09-01 +8.0 16:06:40.487][24904, 2*][TestXLog][, , 0][TESTlOG
[E][2020-09-01 +8.0 16:07:01.582][24904, 2*][TestXLog][, , 0][TESTlOG
[E][2020-09-01 +8.0 16:07:01.717][24904, 2*][TestXLog][, , 0][TESTlOG
[E][2020-09-01 +8.0 16:07:01.879][24904, 2*][TestXLog][, , 0][TESTlOG
[E][2020-09-01 +8.0 16:07:02.019][24904, 2*][TestXLog][, , 0][TESTlOG
[E][2020-09-01 +8.0 16:07:02.168][24904, 2*][TestXLog][, , 0][TESTlOG
[E][2020-09-01 +8.0 16:07:02.319][24904, 2*][TestXLog][, , 0][TESTlOG
$$$$$$$$$$May 21 2020$$$20:21:31$$$$$$$$$$[24904,24904][2020-09-01 +0800 16:07:50]
